2023-09-12T16:10:47.096+03:00  INFO 24848 --- [main] com.example.elk.ElkApplication           : Starting ElkApplication using Java 19 with PID 24848 (C:\Users\eminy\Desktop\elk\elk\target\classes started by eminy in C:\Users\eminy\Desktop\elk\elk)
2023-09-12T16:10:47.099+03:00  INFO 24848 --- [main] com.example.elk.ElkApplication           : No active profile set, falling back to 1 default profile: "default"
2023-09-12T16:10:47.771+03:00  INFO 24848 --- [main] .s.d.r.c.RepositoryConfigurationDelegate : Bootstrapping Spring Data JPA repositories in DEFAULT mode.
2023-09-12T16:10:47.839+03:00  INFO 24848 --- [main] .s.d.r.c.RepositoryConfigurationDelegate : Finished Spring Data repository scanning in 59 ms. Found 1 JPA repository interfaces.
2023-09-12T16:10:48.412+03:00  INFO 24848 --- [main] o.s.b.w.embedded.tomcat.TomcatWebServer  : Tomcat initialized with port(s): 8080 (http)
2023-09-12T16:10:48.424+03:00  INFO 24848 --- [main] o.apache.catalina.core.StandardService   : Starting service [Tomcat]
2023-09-12T16:10:48.424+03:00  INFO 24848 --- [main] o.apache.catalina.core.StandardEngine    : Starting Servlet engine: [Apache Tomcat/10.1.12]
2023-09-12T16:10:48.546+03:00  INFO 24848 --- [main] o.a.c.c.C.[Tomcat].[localhost].[/]       : Initializing Spring embedded WebApplicationContext
2023-09-12T16:10:48.546+03:00  INFO 24848 --- [main] w.s.c.ServletWebServerApplicationContext : Root WebApplicationContext: initialization completed in 1390 ms
2023-09-12T16:10:48.726+03:00  INFO 24848 --- [main] o.hibernate.jpa.internal.util.LogHelper  : HHH000204: Processing PersistenceUnitInfo [name: default]
2023-09-12T16:10:48.791+03:00  INFO 24848 --- [main] org.hibernate.Version                    : HHH000412: Hibernate ORM core version 6.2.7.Final
2023-09-12T16:10:48.793+03:00  INFO 24848 --- [main] org.hibernate.cfg.Environment            : HHH000406: Using bytecode reflection optimizer
2023-09-12T16:10:48.970+03:00  INFO 24848 --- [main] o.h.b.i.BytecodeProviderInitiator        : HHH000021: Bytecode provider name : bytebuddy
2023-09-12T16:10:49.147+03:00  INFO 24848 --- [main] o.s.o.j.p.SpringPersistenceUnitInfo      : No LoadTimeWeaver setup: ignoring JPA class transformer
2023-09-12T16:10:49.166+03:00  INFO 24848 --- [main] com.zaxxer.hikari.HikariDataSource       : HikariPool-1 - Starting...
2023-09-12T16:10:49.339+03:00  INFO 24848 --- [main] com.zaxxer.hikari.pool.HikariPool        : HikariPool-1 - Added connection org.postgresql.jdbc.PgConnection@152e7703
2023-09-12T16:10:49.341+03:00  INFO 24848 --- [main] com.zaxxer.hikari.HikariDataSource       : HikariPool-1 - Start completed.
2023-09-12T16:10:49.632+03:00  INFO 24848 --- [main] o.h.b.i.BytecodeProviderInitiator        : HHH000021: Bytecode provider name : bytebuddy
2023-09-12T16:10:50.363+03:00  INFO 24848 --- [main] o.h.e.t.j.p.i.JtaPlatformInitiator       : HHH000490: Using JtaPlatform implementation: [org.hibernate.engine.transaction.jta.platform.internal.NoJtaPlatform]
2023-09-12T16:10:50.418+03:00  INFO 24848 --- [main] j.LocalContainerEntityManagerFactoryBean : Initialized JPA EntityManagerFactory for persistence unit 'default'
2023-09-12T16:10:50.698+03:00  WARN 24848 --- [main] JpaBaseConfiguration$JpaWebConfiguration : spring.jpa.open-in-view is enabled by default. Therefore, database queries may be performed during view rendering. Explicitly configure spring.jpa.open-in-view to disable this warning
2023-09-12T16:10:51.046+03:00  INFO 24848 --- [main] o.s.b.w.embedded.tomcat.TomcatWebServer  : Tomcat started on port(s): 8080 (http) with context path ''
2023-09-12T16:10:51.056+03:00  INFO 24848 --- [main] com.example.elk.ElkApplication           : Started ElkApplication in 4.859 seconds (process running for 6.421)
2023-09-12T16:11:07.050+03:00  INFO 24848 --- [SpringApplicationShutdownHook] j.LocalContainerEntityManagerFactoryBean : Closing JPA EntityManagerFactory for persistence unit 'default'
2023-09-12T16:11:07.052+03:00  INFO 24848 --- [SpringApplicationShutdownHook] com.zaxxer.hikari.HikariDataSource       : HikariPool-1 - Shutdown initiated...
2023-09-12T16:11:07.058+03:00  INFO 24848 --- [SpringApplicationShutdownHook] com.zaxxer.hikari.HikariDataSource       : HikariPool-1 - Shutdown completed.
