2023-09-13T09:52:02.576+03:00  INFO 7252 --- [main] com.example.elk.ElkApplication           : Starting ElkApplication using Java 19 with PID 7252 (C:\Users\eminy\Documents\GitHub\Spring-ELK\elk\target\classes started by eminy in C:\Users\eminy\Documents\GitHub\Spring-ELK)
2023-09-13T09:52:02.587+03:00  INFO 7252 --- [main] com.example.elk.ElkApplication           : No active profile set, falling back to 1 default profile: "default"
2023-09-13T09:52:03.445+03:00  INFO 7252 --- [main] .s.d.r.c.RepositoryConfigurationDelegate : Bootstrapping Spring Data JPA repositories in DEFAULT mode.
2023-09-13T09:52:03.522+03:00  INFO 7252 --- [main] .s.d.r.c.RepositoryConfigurationDelegate : Finished Spring Data repository scanning in 66 ms. Found 1 JPA repository interfaces.
2023-09-13T09:52:04.275+03:00  INFO 7252 --- [main] o.s.b.w.embedded.tomcat.TomcatWebServer  : Tomcat initialized with port(s): 8080 (http)
2023-09-13T09:52:04.294+03:00  INFO 7252 --- [main] o.apache.catalina.core.StandardService   : Starting service [Tomcat]
2023-09-13T09:52:04.295+03:00  INFO 7252 --- [main] o.apache.catalina.core.StandardEngine    : Starting Servlet engine: [Apache Tomcat/10.1.12]
2023-09-13T09:52:04.465+03:00  INFO 7252 --- [main] o.a.c.c.C.[Tomcat].[localhost].[/]       : Initializing Spring embedded WebApplicationContext
2023-09-13T09:52:04.466+03:00  INFO 7252 --- [main] w.s.c.ServletWebServerApplicationContext : Root WebApplicationContext: initialization completed in 1791 ms
2023-09-13T09:52:04.704+03:00  INFO 7252 --- [main] o.hibernate.jpa.internal.util.LogHelper  : HHH000204: Processing PersistenceUnitInfo [name: default]
2023-09-13T09:52:04.881+03:00  INFO 7252 --- [main] org.hibernate.Version                    : HHH000412: Hibernate ORM core version 6.2.7.Final
2023-09-13T09:52:04.885+03:00  INFO 7252 --- [main] org.hibernate.cfg.Environment            : HHH000406: Using bytecode reflection optimizer
2023-09-13T09:52:05.148+03:00  INFO 7252 --- [main] o.h.b.i.BytecodeProviderInitiator        : HHH000021: Bytecode provider name : bytebuddy
2023-09-13T09:52:05.387+03:00  INFO 7252 --- [main] o.s.o.j.p.SpringPersistenceUnitInfo      : No LoadTimeWeaver setup: ignoring JPA class transformer
2023-09-13T09:52:05.413+03:00  INFO 7252 --- [main] com.zaxxer.hikari.HikariDataSource       : HikariPool-1 - Starting...
2023-09-13T09:52:05.684+03:00  INFO 7252 --- [main] com.zaxxer.hikari.pool.HikariPool        : HikariPool-1 - Added connection org.postgresql.jdbc.PgConnection@4f3fec43
2023-09-13T09:52:05.687+03:00  INFO 7252 --- [main] com.zaxxer.hikari.HikariDataSource       : HikariPool-1 - Start completed.
2023-09-13T09:52:06.050+03:00  INFO 7252 --- [main] o.h.b.i.BytecodeProviderInitiator        : HHH000021: Bytecode provider name : bytebuddy
2023-09-13T09:52:06.904+03:00  INFO 7252 --- [main] o.h.e.t.j.p.i.JtaPlatformInitiator       : HHH000490: Using JtaPlatform implementation: [org.hibernate.engine.transaction.jta.platform.internal.NoJtaPlatform]
2023-09-13T09:52:06.983+03:00  INFO 7252 --- [main] j.LocalContainerEntityManagerFactoryBean : Initialized JPA EntityManagerFactory for persistence unit 'default'
2023-09-13T09:52:07.352+03:00  WARN 7252 --- [main] JpaBaseConfiguration$JpaWebConfiguration : spring.jpa.open-in-view is enabled by default. Therefore, database queries may be performed during view rendering. Explicitly configure spring.jpa.open-in-view to disable this warning
2023-09-13T09:52:07.813+03:00  INFO 7252 --- [main] o.s.b.w.embedded.tomcat.TomcatWebServer  : Tomcat started on port(s): 8080 (http) with context path ''
2023-09-13T09:52:07.824+03:00  INFO 7252 --- [main] com.example.elk.ElkApplication           : Started ElkApplication in 6.436 seconds (process running for 8.622)
2023-09-13T09:52:48.085+03:00  INFO 7252 --- [http-nio-8080-exec-1] o.a.c.c.C.[Tomcat].[localhost].[/]       : Initializing Spring DispatcherServlet 'dispatcherServlet'
2023-09-13T09:52:48.097+03:00  INFO 7252 --- [http-nio-8080-exec-1] o.s.web.servlet.DispatcherServlet        : Initializing Servlet 'dispatcherServlet'
2023-09-13T09:52:48.099+03:00  INFO 7252 --- [http-nio-8080-exec-1] o.s.web.servlet.DispatcherServlet        : Completed initialization in 1 ms
2023-09-13T09:52:48.325+03:00  INFO 7252 --- [http-nio-8080-exec-1] com.example.elk.service.UserService      : User save
2023-09-13T09:58:01.895+03:00  INFO 7252 --- [http-nio-8080-exec-5] com.example.elk.service.UserService      : delete user from database: ID: 4
2023-09-13T10:01:54.378+03:00  INFO 7252 --- [SpringApplicationShutdownHook] j.LocalContainerEntityManagerFactoryBean : Closing JPA EntityManagerFactory for persistence unit 'default'
2023-09-13T10:01:54.382+03:00  INFO 7252 --- [SpringApplicationShutdownHook] com.zaxxer.hikari.HikariDataSource       : HikariPool-1 - Shutdown initiated...
2023-09-13T10:01:54.387+03:00  INFO 7252 --- [SpringApplicationShutdownHook] com.zaxxer.hikari.HikariDataSource       : HikariPool-1 - Shutdown completed.
